{
  "RSpec": {
    "coverage": {
      "/Users/scottchu/Projects/cloud-sesame/lib/cloud_sesame.rb": [
        null,
        null,
        1,
        1,
        null,
        null,
        null,
        1,
        1,
        1,
        null,
        null,
        null,
        1,
        1,
        1,
        1,
        null,
        null,
        null,
        1,
        null,
        null,
        null,
        1,
        1,
        1,
        1,
        1,
        1,
        1,
        1,
        1,
        1,
        1,
        1,
        1,
        1,
        null,
        null,
        null,
        1,
        1,
        1,
        null,
        null,
        null,
        1,
        1,
        1,
        1,
        1,
        1,
        1,
        1,
        1,
        1,
        1,
        1,
        1,
        1,
        1,
        1,
        1,
        1,
        1,
        null,
        null,
        null,
        1,
        1,
        1,
        1,
        1,
        1,
        1,
        1,
        1,
        1,
        1,
        1,
        1,
        null,
        null,
        null,
        1,
        null,
        null,
        null,
        1,
        1,
        1,
        1,
        1,
        null,
        null,
        null,
        1,
        null,
        1,
        4,
        null,
        null,
        1,
        null,
        1,
        34,
        null,
        null,
        1,
        4,
        4,
        4,
        null,
        null,
        null,
        1,
        0,
        0,
        null,
        null,
        null,
        null,
        null,
        null
      ],
      "/Users/scottchu/Projects/cloud-sesame/lib/services/abstract_object.rb": [
        1,
        null,
        1,
        14,
        14,
        14,
        null,
        null,
        1,
        30,
        30,
        null,
        null,
        1,
        17,
        null,
        null,
        1,
        null,
        1,
        14,
        14,
        14,
        null,
        null,
        1,
        35,
        null,
        null,
        1,
        26,
        null,
        null,
        1,
        35,
        null,
        null,
        1,
        31,
        null,
        null,
        1,
        35,
        null,
        null,
        1,
        97,
        null,
        null,
        1,
        32,
        null,
        null,
        1,
        53,
        null,
        null,
        1,
        30,
        20,
        20,
        null,
        null,
        30,
        null,
        null,
        null
      ],
      "/Users/scottchu/Projects/cloud-sesame/lib/services/class_specific.rb": [
        1,
        null,
        1,
        66,
        null,
        null,
        1,
        17,
        null,
        null,
        1,
        10,
        null,
        null,
        1,
        null,
        1,
        64,
        null,
        null,
        null,
        64,
        64,
        null,
        null,
        1,
        9,
        9,
        9,
        null,
        null,
        1,
        12,
        null,
        null,
        1,
        7,
        null,
        null,
        1,
        64,
        null,
        null,
        null
      ],
      "/Users/scottchu/Projects/cloud-sesame/lib/services/lazy_object.rb": [
        1,
        null,
        1,
        47,
        null,
        null,
        1,
        61,
        null,
        null,
        1,
        3,
        null,
        null,
        1,
        58,
        null,
        null,
        null
      ],
      "/Users/scottchu/Projects/cloud-sesame/lib/cloud_sesame/query/error/invalid_syntax.rb": [
        1,
        1,
        1,
        1,
        null,
        null,
        null,
        null
      ],
      "/Users/scottchu/Projects/cloud-sesame/lib/cloud_sesame/query/error/missing_operator_symbol.rb": [
        1,
        1,
        1,
        1,
        null,
        null,
        null,
        null
      ],
      "/Users/scottchu/Projects/cloud-sesame/lib/cloud_sesame/query/error/missing_query.rb": [
        1,
        1,
        1,
        1,
        null,
        null,
        null,
        null
      ],
      "/Users/scottchu/Projects/cloud-sesame/lib/cloud_sesame/query/error/scope_not_defined.rb": [
        1,
        1,
        1,
        1,
        null,
        null,
        null,
        null
      ],
      "/Users/scottchu/Projects/cloud-sesame/lib/cloud_sesame/config/credential.rb": [
        1,
        1,
        1,
        1,
        1,
        null,
        null,
        null
      ],
      "/Users/scottchu/Projects/cloud-sesame/lib/cloud_sesame/query/dsl/applied_filter_query.rb": [
        1,
        1,
        1,
        1,
        null,
        1,
        0,
        null,
        null,
        1,
        0,
        null,
        null,
        1,
        0,
        0,
        0,
        0,
        null,
        0,
        null,
        null,
        null,
        1,
        0,
        0,
        0,
        0,
        null,
        null,
        0,
        null,
        null,
        null,
        null,
        null,
        null
      ],
      "/Users/scottchu/Projects/cloud-sesame/lib/cloud_sesame/query/dsl/bind_caller.rb": [
        1,
        1,
        1,
        1,
        null,
        1,
        null,
        1,
        61,
        128,
        128,
        null,
        null,
        null,
        null,
        null,
        1,
        35,
        null,
        2,
        null,
        null,
        null,
        null,
        null,
        null
      ],
      "/Users/scottchu/Projects/cloud-sesame/lib/cloud_sesame/query/dsl/block_styled_operators.rb": [
        1,
        1,
        1,
        1,
        null,
        null,
        null,
        1,
        31,
        null,
        null,
        1,
        1,
        null,
        null,
        null,
        1,
        12,
        null,
        null,
        1,
        1,
        null,
        1,
        null,
        1,
        43,
        43,
        35,
        null,
        8,
        null,
        null,
        null,
        null,
        null,
        null,
        null
      ],
      "/Users/scottchu/Projects/cloud-sesame/lib/cloud_sesame/query/dsl/field_accessors.rb": [
        1,
        1,
        1,
        1,
        1,
        null,
        1,
        47,
        41,
        null,
        null,
        null,
        1,
        51,
        51,
        51,
        51,
        51,
        null,
        null,
        1,
        null,
        1,
        6,
        6,
        6,
        null,
        null,
        null,
        null,
        null,
        null
      ],
      "/Users/scottchu/Projects/cloud-sesame/lib/cloud_sesame/query/dsl/scope_accessors.rb": [
        1,
        1,
        1,
        1,
        null,
        1,
        3,
        null,
        3,
        2,
        0,
        0,
        null,
        2,
        null,
        null,
        null,
        1,
        null,
        1,
        3,
        null,
        2,
        null,
        null,
        null,
        null,
        null,
        null
      ],
      "/Users/scottchu/Projects/cloud-sesame/lib/cloud_sesame/query/dsl/operators.rb": [
        1,
        1,
        1,
        1,
        null,
        null,
        null,
        1,
        1,
        null,
        null,
        1,
        null,
        null,
        null,
        1,
        1,
        null,
        null,
        1,
        1,
        null,
        null,
        null,
        1,
        1,
        null,
        null,
        null,
        null,
        1,
        1,
        null,
        null,
        1,
        null,
        1,
        4,
        4,
        4,
        null,
        null,
        null,
        null,
        null,
        null
      ],
      "/Users/scottchu/Projects/cloud-sesame/lib/cloud_sesame/query/dsl/field_array_methods.rb": [
        null,
        null,
        null,
        null,
        null,
        1,
        1,
        1,
        1,
        null,
        null,
        null,
        1,
        9,
        9,
        null,
        null,
        1,
        null,
        null,
        null,
        1,
        6,
        6,
        null,
        null,
        1,
        null,
        null,
        null,
        1,
        7,
        7,
        null,
        null,
        1,
        1,
        null,
        1,
        69,
        44,
        null,
        69,
        69,
        null,
        null,
        1,
        null,
        1,
        22,
        null,
        null,
        1,
        44,
        21,
        21,
        21,
        null,
        44,
        null,
        null,
        1,
        44,
        6,
        6,
        null,
        38,
        null,
        null,
        null,
        null,
        null,
        null,
        null
      ],
      "/Users/scottchu/Projects/cloud-sesame/lib/cloud_sesame/query/dsl/inspect_method.rb": [
        1,
        1,
        1,
        1,
        null,
        1,
        1,
        null,
        1,
        0,
        0,
        null,
        null,
        1,
        null,
        1,
        1,
        null,
        null,
        1,
        0,
        null,
        null,
        1,
        1,
        null,
        null,
        null,
        null,
        null,
        null
      ],
      "/Users/scottchu/Projects/cloud-sesame/lib/cloud_sesame/query/dsl/page_methods.rb": [
        1,
        1,
        1,
        1,
        null,
        null,
        null,
        1,
        1,
        1,
        1,
        1,
        null,
        0,
        null,
        null,
        null,
        1,
        0,
        0,
        0,
        0,
        null,
        0,
        null,
        null,
        null,
        1,
        null,
        1,
        1,
        1,
        1,
        0,
        0,
        null,
        0,
        null,
        null,
        null,
        1,
        null,
        null,
        null,
        null,
        null
      ],
      "/Users/scottchu/Projects/cloud-sesame/lib/cloud_sesame/query/dsl/query_methods.rb": [
        1,
        1,
        1,
        1,
        null,
        1,
        1,
        1,
        1,
        null,
        0,
        null,
        null,
        null,
        null,
        null,
        null,
        null
      ],
      "/Users/scottchu/Projects/cloud-sesame/lib/cloud_sesame/query/dsl/range_helper.rb": [
        1,
        1,
        1,
        1,
        null,
        1,
        1,
        null,
        null,
        1,
        5,
        null,
        null,
        1,
        0,
        null,
        null,
        1,
        0,
        null,
        null,
        null,
        null,
        null,
        null
      ],
      "/Users/scottchu/Projects/cloud-sesame/lib/cloud_sesame/query/dsl/response_methods.rb": [
        1,
        1,
        1,
        1,
        null,
        1,
        0,
        null,
        null,
        null,
        null,
        null,
        1,
        0,
        null,
        null,
        1,
        0,
        null,
        null,
        1,
        0,
        null,
        null,
        1,
        0,
        null,
        null,
        1,
        0,
        0,
        0,
        null,
        null,
        null,
        null,
        null,
        null
      ],
      "/Users/scottchu/Projects/cloud-sesame/lib/cloud_sesame/query/dsl/return_methods.rb": [
        1,
        1,
        1,
        1,
        null,
        1,
        0,
        0,
        0,
        null,
        0,
        null,
        null,
        null,
        1,
        0,
        0,
        null,
        null,
        1,
        0,
        0,
        null,
        null,
        null,
        null,
        null,
        null
      ],
      "/Users/scottchu/Projects/cloud-sesame/lib/cloud_sesame/query/dsl/sort_methods.rb": [
        1,
        1,
        1,
        1,
        null,
        1,
        1,
        1,
        1,
        0,
        0,
        0,
        0,
        0,
        null,
        0,
        null,
        null,
        null,
        null,
        null,
        null,
        null
      ],
      "/Users/scottchu/Projects/cloud-sesame/lib/cloud_sesame/query/domain/block.rb": [
        1,
        1,
        1,
        1,
        1,
        1,
        1,
        1,
        1,
        1,
        1,
        null,
        2,
        null,
        1,
        null,
        1,
        49,
        49,
        49,
        null,
        49,
        null,
        null,
        1,
        43,
        null,
        null,
        null,
        null,
        null,
        43,
        42,
        null,
        42,
        42,
        null,
        null,
        1,
        207,
        null,
        null,
        1,
        51,
        null,
        null,
        1,
        11,
        null,
        null,
        null,
        null,
        null,
        null
      ],
      "/Users/scottchu/Projects/cloud-sesame/lib/cloud_sesame/query/domain/chaining_block.rb": [
        1,
        1,
        1,
        1,
        null,
        1,
        null,
        1,
        8,
        8,
        8,
        8,
        null,
        null,
        null,
        null,
        null,
        1,
        2,
        null,
        2,
        2,
        2,
        null,
        2,
        null,
        null,
        1,
        null,
        1,
        null,
        0,
        0,
        2,
        null,
        null,
        1,
        0,
        null,
        null,
        null,
        null,
        null,
        null
      ],
      "/Users/scottchu/Projects/cloud-sesame/lib/cloud_sesame/query/domain/literal.rb": [
        1,
        1,
        1,
        1,
        1,
        1,
        null,
        1,
        null,
        1,
        12,
        12,
        12,
        null,
        12,
        null,
        null,
        1,
        8,
        7,
        null,
        null,
        null,
        null,
        null,
        null,
        null
      ],
      "/Users/scottchu/Projects/cloud-sesame/lib/cloud_sesame/query/ast/abstract/operator.rb": [
        1,
        1,
        1,
        1,
        1,
        1,
        null,
        1,
        null,
        1,
        153,
        153,
        null,
        null,
        1,
        62,
        null,
        null,
        1,
        60,
        null,
        null,
        null,
        null,
        null,
        null,
        null
      ],
      "/Users/scottchu/Projects/cloud-sesame/lib/cloud_sesame/query/ast/abstract/multi_expression_operator.rb": [
        1,
        1,
        1,
        1,
        1,
        null,
        1,
        87,
        null,
        null,
        1,
        0,
        null,
        null,
        1,
        327,
        null,
        null,
        1,
        25,
        11,
        null,
        null,
        null,
        1,
        null,
        1,
        87,
        87,
        null,
        null,
        null,
        null,
        null,
        null,
        null,
        null
      ],
      "/Users/scottchu/Projects/cloud-sesame/lib/cloud_sesame/query/ast/abstract/single_expression_operator.rb": [
        1,
        1,
        1,
        1,
        1,
        null,
        1,
        null,
        1,
        null,
        1,
        28,
        null,
        null,
        1,
        0,
        null,
        null,
        1,
        22,
        22,
        null,
        null,
        null,
        1,
        5,
        null,
        null,
        1,
        null,
        1,
        28,
        null,
        null,
        null,
        null,
        null,
        null,
        null
      ],
      "/Users/scottchu/Projects/cloud-sesame/lib/cloud_sesame/query/ast/abstract/value.rb": [
        1,
        1,
        1,
        1,
        1,
        null,
        1,
        1,
        null,
        1,
        null,
        1,
        39,
        null,
        null,
        1,
        26,
        null,
        null,
        1,
        13,
        null,
        null,
        1,
        5,
        null,
        null,
        1,
        5,
        null,
        null,
        1,
        53,
        53,
        null,
        null,
        1,
        80,
        77,
        77,
        null,
        null,
        null,
        1,
        85,
        null,
        null,
        1,
        1,
        null,
        null,
        1,
        7,
        7,
        null,
        null,
        null,
        1,
        null,
        1,
        42,
        42,
        null,
        null,
        null,
        null,
        null,
        1,
        26,
        null,
        null,
        1,
        0,
        null,
        null,
        1,
        6,
        null,
        null,
        1,
        3,
        null,
        null,
        null,
        null,
        null,
        null,
        null
      ],
      "/Users/scottchu/Projects/cloud-sesame/lib/cloud_sesame/query/ast/field_array.rb": [
        1,
        1,
        1,
        1,
        1,
        null,
        1,
        1,
        null,
        1,
        49,
        49,
        null,
        null,
        1,
        158,
        null,
        null,
        1,
        65,
        null,
        null,
        1,
        25,
        null,
        null,
        null,
        null,
        null,
        null
      ],
      "/Users/scottchu/Projects/cloud-sesame/lib/cloud_sesame/query/ast/and.rb": [
        1,
        1,
        1,
        1,
        1,
        null,
        null,
        null,
        null
      ],
      "/Users/scottchu/Projects/cloud-sesame/lib/cloud_sesame/query/ast/or.rb": [
        1,
        1,
        1,
        1,
        1,
        null,
        null,
        null,
        null
      ],
      "/Users/scottchu/Projects/cloud-sesame/lib/cloud_sesame/query/ast/not.rb": [
        1,
        1,
        1,
        1,
        1,
        null,
        1,
        21,
        21,
        null,
        null,
        null,
        1,
        0,
        null,
        null,
        null,
        null,
        null,
        null
      ],
      "/Users/scottchu/Projects/cloud-sesame/lib/cloud_sesame/query/ast/near.rb": [
        1,
        1,
        1,
        1,
        1,
        1,
        null,
        1,
        6,
        6,
        null,
        null,
        null,
        1,
        6,
        null,
        null,
        null,
        null,
        null,
        null
      ],
      "/Users/scottchu/Projects/cloud-sesame/lib/cloud_sesame/query/ast/phrase.rb": [
        1,
        1,
        1,
        1,
        1,
        1,
        null,
        null,
        null,
        null
      ],
      "/Users/scottchu/Projects/cloud-sesame/lib/cloud_sesame/query/ast/prefix.rb": [
        1,
        1,
        1,
        1,
        1,
        1,
        null,
        null,
        null,
        null
      ],
      "/Users/scottchu/Projects/cloud-sesame/lib/cloud_sesame/query/ast/term.rb": [
        1,
        1,
        1,
        1,
        1,
        1,
        null,
        null,
        null,
        null
      ],
      "/Users/scottchu/Projects/cloud-sesame/lib/cloud_sesame/query/ast/literal.rb": [
        1,
        1,
        1,
        1,
        null,
        1,
        1,
        null,
        1,
        null,
        1,
        47,
        47,
        70,
        null,
        null,
        1,
        6,
        6,
        null,
        null,
        1,
        0,
        null,
        null,
        1,
        57,
        null,
        null,
        1,
        60,
        null,
        null,
        1,
        null,
        1,
        33,
        null,
        null,
        1,
        24,
        null,
        null,
        1,
        24,
        null,
        null,
        null,
        null,
        null,
        null
      ],
      "/Users/scottchu/Projects/cloud-sesame/lib/cloud_sesame/query/ast/string_value.rb": [
        1,
        1,
        1,
        1,
        null,
        1,
        1,
        null,
        1,
        13,
        null,
        null,
        1,
        null,
        1,
        16,
        null,
        null,
        1,
        16,
        null,
        null,
        null,
        null,
        null,
        null
      ],
      "/Users/scottchu/Projects/cloud-sesame/lib/cloud_sesame/query/ast/date_value.rb": [
        1,
        1,
        1,
        1,
        null,
        1,
        null,
        1,
        0,
        null,
        null,
        1,
        0,
        null,
        null,
        1,
        null,
        1,
        3,
        null,
        null,
        1,
        3,
        null,
        null,
        null,
        null,
        null,
        null
      ],
      "/Users/scottchu/Projects/cloud-sesame/lib/cloud_sesame/query/ast/numeric_value.rb": [
        1,
        1,
        1,
        1,
        null,
        1,
        0,
        null,
        null,
        1,
        8,
        null,
        null,
        1,
        8,
        null,
        null,
        1,
        null,
        1,
        13,
        null,
        null,
        null,
        null,
        null,
        null
      ],
      "/Users/scottchu/Projects/cloud-sesame/lib/cloud_sesame/query/ast/range_value.rb": [
        1,
        1,
        1,
        1,
        null,
        1,
        null,
        24,
        null,
        null,
        null,
        24,
        null,
        null,
        1,
        5,
        5,
        null,
        null,
        1,
        1,
        1,
        null,
        null,
        1,
        5,
        5,
        null,
        null,
        1,
        2,
        2,
        null,
        null,
        1,
        0,
        0,
        null,
        null,
        1,
        0,
        null,
        null,
        1,
        0,
        null,
        null,
        1,
        null,
        1,
        5,
        null,
        null,
        1,
        6,
        6,
        null,
        null,
        1,
        2,
        2,
        null,
        null,
        1,
        11,
        null,
        null,
        1,
        6,
        null,
        null,
        1,
        15,
        null,
        null,
        1,
        7,
        null,
        null,
        null,
        null,
        null,
        null
      ],
      "/Users/scottchu/Projects/cloud-sesame/lib/cloud_sesame/query/ast/value.rb": [
        1,
        1,
        1,
        1,
        null,
        1,
        null,
        null,
        null,
        null,
        null,
        1,
        37,
        null,
        null,
        null,
        null,
        null,
        1,
        18,
        3,
        3,
        null,
        null,
        null,
        15,
        null,
        null,
        15,
        null,
        null,
        null,
        1,
        15,
        null,
        null,
        1,
        13,
        null,
        null,
        null,
        null,
        null,
        null
      ],
      "/Users/scottchu/Projects/cloud-sesame/lib/cloud_sesame/query/ast/root.rb": [
        1,
        1,
        1,
        1,
        1,
        null,
        1,
        5,
        null,
        null,
        1,
        null,
        1,
        0,
        0,
        0,
        null,
        null,
        null,
        null,
        null,
        null
      ],
      "/Users/scottchu/Projects/cloud-sesame/lib/cloud_sesame/query/node/abstract.rb": [
        1,
        1,
        1,
        1,
        1,
        null,
        1,
        135,
        null,
        null,
        null,
        null,
        null
      ],
      "/Users/scottchu/Projects/cloud-sesame/lib/cloud_sesame/query/node/request.rb": [
        1,
        1,
        1,
        1,
        1,
        null,
        1,
        1,
        null,
        null,
        1,
        1,
        null,
        null,
        null,
        null,
        null,
        1,
        4,
        null,
        null,
        1,
        0,
        null,
        null,
        1,
        0,
        null,
        null,
        1,
        153,
        null,
        null,
        1,
        0,
        null,
        null,
        1,
        3,
        null,
        null,
        1,
        1,
        null,
        null,
        1,
        0,
        null,
        null,
        null,
        null,
        null,
        1,
        3,
        3,
        3,
        0,
        0,
        0,
        0,
        null,
        null,
        1,
        null,
        1,
        3,
        3,
        null,
        null,
        null,
        1,
        3,
        0,
        0,
        0,
        null,
        0,
        0,
        null,
        null,
        null,
        null,
        1,
        0,
        null,
        null,
        1,
        null,
        null,
        null,
        null,
        null,
        0,
        0,
        0,
        null,
        0,
        null,
        null,
        1,
        0,
        null,
        null,
        null,
        null,
        null,
        null
      ],
      "/Users/scottchu/Projects/cloud-sesame/lib/cloud_sesame/query/node/query.rb": [
        1,
        1,
        1,
        1,
        1,
        null,
        1,
        null,
        1,
        21,
        11,
        null,
        11,
        22,
        11,
        null,
        null,
        null,
        11,
        null,
        null,
        null,
        null,
        null,
        null,
        null
      ],
      "/Users/scottchu/Projects/cloud-sesame/lib/cloud_sesame/query/node/fuzziness.rb": [
        1,
        1,
        1,
        1,
        null,
        1,
        null,
        1,
        null,
        null,
        10,
        10,
        10,
        null,
        10,
        null,
        null,
        1,
        2,
        null,
        null,
        1,
        2,
        null,
        null,
        1,
        2,
        null,
        null,
        1,
        25,
        7,
        null,
        null,
        1,
        null,
        1,
        7,
        null,
        null,
        1,
        18,
        9,
        9,
        9,
        null,
        9,
        null,
        null,
        null,
        1,
        9,
        null,
        null,
        null,
        null,
        null,
        null
      ],
      "/Users/scottchu/Projects/cloud-sesame/lib/cloud_sesame/query/node/sloppiness.rb": [
        1,
        1,
        1,
        1,
        null,
        1,
        10,
        null,
        null,
        1,
        7,
        null,
        null,
        1,
        null,
        1,
        7,
        null,
        null,
        null,
        null,
        null,
        null
      ],
      "/Users/scottchu/Projects/cloud-sesame/lib/cloud_sesame/query/node/query_options.rb": [
        1,
        1,
        1,
        1,
        null,
        1,
        11,
        null,
        null,
        1,
        2,
        null,
        null,
        1,
        null,
        1,
        9,
        null,
        null,
        1,
        4,
        null,
        null,
        null,
        null,
        null,
        null
      ],
      "/Users/scottchu/Projects/cloud-sesame/lib/cloud_sesame/query/node/query_options_field.rb": [
        1,
        1,
        1,
        1,
        null,
        1,
        null,
        1,
        7,
        7,
        null,
        null,
        1,
        4,
        4,
        4,
        null,
        null,
        null,
        null,
        null,
        null
      ],
      "/Users/scottchu/Projects/cloud-sesame/lib/cloud_sesame/query/node/query_parser.rb": [
        1,
        1,
        1,
        1,
        null,
        1,
        4,
        null,
        null,
        1,
        0,
        null,
        null,
        1,
        1,
        null,
        null,
        1,
        1,
        null,
        null,
        null,
        null,
        null,
        null
      ],
      "/Users/scottchu/Projects/cloud-sesame/lib/cloud_sesame/query/node/filter_query.rb": [
        1,
        1,
        1,
        1,
        null,
        1,
        1,
        null,
        1,
        7,
        1,
        null,
        null,
        null,
        1,
        160,
        null,
        null,
        1,
        null,
        1,
        3,
        3,
        3,
        null,
        null,
        null,
        null,
        null,
        null
      ],
      "/Users/scottchu/Projects/cloud-sesame/lib/cloud_sesame/query/node/facet.rb": [
        1,
        1,
        1,
        1,
        null,
        1,
        2,
        null,
        null,
        null,
        null,
        null,
        null
      ],
      "/Users/scottchu/Projects/cloud-sesame/lib/cloud_sesame/query/node/page.rb": [
        1,
        1,
        1,
        1,
        null,
        1,
        null,
        1,
        7,
        null,
        null,
        1,
        9,
        null,
        null,
        1,
        6,
        null,
        null,
        1,
        2,
        null,
        null,
        null,
        null,
        null,
        null
      ],
      "/Users/scottchu/Projects/cloud-sesame/lib/cloud_sesame/query/node/sort.rb": [
        1,
        1,
        1,
        1,
        null,
        1,
        null,
        1,
        13,
        null,
        null,
        1,
        8,
        null,
        null,
        1,
        2,
        null,
        null,
        1,
        3,
        2,
        null,
        null,
        null,
        1,
        null,
        1,
        3,
        4,
        null,
        null,
        null,
        1,
        4,
        null,
        null,
        1,
        4,
        null,
        null,
        1,
        null,
        4,
        null,
        null,
        null,
        null,
        null,
        null,
        null
      ],
      "/Users/scottchu/Projects/cloud-sesame/lib/cloud_sesame/query/node/return.rb": [
        1,
        1,
        1,
        1,
        null,
        1,
        null,
        1,
        0,
        null,
        null,
        1,
        0,
        null,
        null,
        null,
        null,
        null,
        null
      ],
      "/Users/scottchu/Projects/cloud-sesame/lib/cloud_sesame/query/builder.rb": [
        1,
        1,
        1,
        1,
        1,
        1,
        1,
        1,
        1,
        1,
        1,
        1,
        1,
        null,
        null,
        null,
        null,
        null,
        null,
        null,
        null,
        1,
        1,
        1,
        1,
        null,
        1,
        null,
        null,
        null,
        1,
        26,
        null,
        null,
        null,
        1,
        41,
        null,
        null,
        null,
        1,
        39,
        null,
        null,
        null,
        null,
        1,
        null,
        1,
        51,
        51,
        null,
        null,
        1,
        158,
        null,
        null,
        1,
        3,
        null,
        null,
        1,
        null,
        1,
        32,
        26,
        26,
        null,
        null,
        null,
        1,
        146,
        null,
        null,
        1,
        58,
        null,
        null,
        1,
        41,
        null,
        null,
        null,
        null,
        null
      ],
      "/Users/scottchu/Projects/cloud-sesame/lib/cloud_sesame/context.rb": [
        1,
        1,
        1,
        null,
        1,
        null,
        null,
        null,
        null,
        null,
        null,
        1,
        null,
        1,
        38,
        null,
        null,
        1,
        163,
        null,
        null,
        1,
        50,
        null,
        null,
        null,
        null
      ],
      "/Users/scottchu/Projects/cloud-sesame/lib/cloud_sesame/domain/base.rb": [
        1,
        1,
        1,
        1,
        null,
        1,
        null,
        1,
        null,
        1,
        4,
        null,
        null,
        1,
        42,
        42,
        null,
        null,
        1,
        40,
        null,
        null,
        1,
        10,
        null,
        null,
        1,
        170,
        null,
        null,
        null,
        null,
        null,
        1,
        5,
        null,
        null,
        1,
        4,
        null,
        null,
        1,
        4,
        null,
        null,
        1,
        37,
        null,
        37,
        37,
        37,
        37,
        null,
        null,
        1,
        3,
        3,
        null,
        null,
        1,
        null,
        1,
        11,
        null,
        null,
        1,
        6,
        null,
        null,
        1,
        12,
        null,
        null,
        1,
        37,
        37,
        37,
        37,
        37,
        null,
        null,
        1,
        37,
        null,
        null,
        1,
        11,
        null,
        null,
        1,
        37,
        null,
        null,
        1,
        37,
        4,
        4,
        4,
        null,
        null,
        null,
        1,
        18,
        null,
        null,
        1,
        6,
        4,
        3,
        null,
        null,
        null,
        null,
        null,
        1,
        5,
        null,
        null,
        1,
        8,
        null,
        null,
        1,
        6,
        null,
        null,
        1,
        12,
        null,
        null,
        1,
        11,
        null,
        null,
        1,
        48,
        null,
        null,
        1,
        5,
        null,
        null,
        1,
        8,
        null,
        null,
        null,
        null,
        null
      ],
      "/Users/scottchu/Projects/cloud-sesame/lib/cloud_sesame/domain/client.rb": [
        1,
        null,
        1,
        1,
        1,
        1,
        null,
        1,
        null,
        1,
        2,
        null,
        null,
        1,
        13,
        null,
        null,
        1,
        7,
        null,
        null,
        1,
        7,
        null,
        null,
        1,
        1,
        null,
        null,
        1,
        null,
        1,
        1,
        null,
        null,
        null,
        null,
        null
      ],
      "/Users/scottchu/Projects/cloud-sesame/lib/cloud_sesame/domain/client_module/caching.rb": [
        1,
        1,
        1,
        null,
        1,
        1,
        1,
        1,
        null,
        1,
        4,
        null,
        null,
        1,
        7,
        null,
        null,
        1,
        5,
        null,
        null,
        1,
        null,
        1,
        3,
        null,
        null,
        null,
        null,
        null,
        null
      ],
      "/Users/scottchu/Projects/cloud-sesame/lib/cloud_sesame/domain/client_module/caching/base.rb": [
        1,
        1,
        1,
        1,
        1,
        null,
        1,
        13,
        13,
        null,
        null,
        1,
        1,
        null,
        null,
        1,
        null,
        1,
        1,
        null,
        null,
        null,
        null,
        null,
        null,
        null
      ],
      "/Users/scottchu/Projects/cloud-sesame/lib/cloud_sesame/domain/client_module/caching/no_cache.rb": [
        1,
        1,
        1,
        1,
        1,
        null,
        1,
        1,
        null,
        null,
        null,
        null,
        null,
        null,
        null
      ],
      "/Users/scottchu/Projects/cloud-sesame/lib/cloud_sesame/domain/client_module/caching/rails_cache.rb": [
        1,
        null,
        1,
        1,
        1,
        1,
        1,
        null,
        1,
        6,
        6,
        null,
        null,
        1,
        6,
        4,
        4,
        null,
        null,
        null,
        null,
        null,
        null,
        null,
        1,
        null,
        1,
        9,
        9,
        null,
        null,
        1,
        6,
        0,
        null,
        null,
        null,
        null,
        null,
        null,
        null,
        null
      ],
      "/Users/scottchu/Projects/cloud-sesame/lib/cloud_sesame/domain/config.rb": [
        1,
        1,
        1,
        1,
        1,
        null,
        null,
        null
      ],
      "/Users/scottchu/Projects/cloud-sesame/lib/cloud_sesame/domain/error/caching.rb": [
        1,
        1,
        1,
        1,
        null,
        null,
        null,
        null
      ]
    },
    "timestamp": 1457915422
  }
}
